<?xml version="1.0" encoding="UTF-8"?>
<robot generator="Robot 6.1.1 (Python 3.7.1 on win32)" generated="20240618 19:54:08.919" rpa="false" schemaversion="4">
<suite id="s1" name="ScrollingPage" source="C:\Users\Lenovo\PycharmProjects\sampleProject1\TestCases\ScrollingPage.robot">
<test id="s1-t1" name="ScrollingPage:" line="9">
<kw name="Open Browser" library="SeleniumLibrary">
<arg>${url}</arg>
<arg>${browser}</arg>
<doc>Opens a new browser instance to the optional ``url``.</doc>
<msg timestamp="20240618 19:54:10.448" level="INFO">Opening browser 'chrome' to base url 'https://demo.nopcommerce.com/'.</msg>
<status status="PASS" starttime="20240618 19:54:10.444" endtime="20240618 19:54:21.712"/>
</kw>
<kw name="Set Selenium Speed" library="SeleniumLibrary">
<arg>01</arg>
<doc>Sets the delay that is waited after each Selenium command.</doc>
<status status="PASS" starttime="20240618 19:54:21.713" endtime="20240618 19:54:21.715"/>
</kw>
<kw name="Maximize Browser Window" library="SeleniumLibrary">
<doc>Maximizes current browser window.</doc>
<status status="PASS" starttime="20240618 19:54:21.716" endtime="20240618 19:54:23.006"/>
</kw>
<kw name="Execute Javascript" library="SeleniumLibrary">
<arg>window.scrollTo(0, document.body.scrollHeight)</arg>
<doc>Executes the given JavaScript code with possible arguments.</doc>
<msg timestamp="20240618 19:54:23.009" level="INFO">Executing JavaScript:
window.scrollTo(0, document.body.scrollHeight)
Without any arguments.</msg>
<status status="PASS" starttime="20240618 19:54:23.007" endtime="20240618 19:54:24.062"/>
</kw>
<kw name="Execute Javascript" library="SeleniumLibrary">
<arg>window.scrollTo(0, -document.body.scrollHeight)</arg>
<doc>Executes the given JavaScript code with possible arguments.</doc>
<msg timestamp="20240618 19:54:24.064" level="INFO">Executing JavaScript:
window.scrollTo(0, -document.body.scrollHeight)
Without any arguments.</msg>
<status status="PASS" starttime="20240618 19:54:24.063" endtime="20240618 19:54:25.097"/>
</kw>
<kw name="Close Browser" library="SeleniumLibrary">
<doc>Closes the current browser.</doc>
<status status="PASS" starttime="20240618 19:54:25.098" endtime="20240618 19:54:28.541"/>
</kw>
<status status="PASS" starttime="20240618 19:54:10.435" endtime="20240618 19:54:28.542"/>
</test>
<status status="PASS" starttime="20240618 19:54:08.927" endtime="20240618 19:54:28.546"/>
</suite>
<statistics>
<total>
<stat pass="1" fail="0" skip="0">All Tests</stat>
</total>
<tag>
</tag>
<suite>
<stat pass="1" fail="0" skip="0" id="s1" name="ScrollingPage">ScrollingPage</stat>
</suite>
</statistics>
<errors>
</errors>
</robot>
